<?xml version="1.0" encoding="UTF-8"?>
<beans xmlns:xsi="http://www.w3.org/2001/XMLSchema-instance"
       xmlns:ctx="http://www.springframework.org/schema/context"
       xmlns="http://www.springframework.org/schema/beans"
       xsi:schemaLocation="http://www.springframework.org/schema/beans
           http://www.springframework.org/schema/beans/spring-beans.xsd
		   http://www.springframework.org/schema/context
		   http://www.springframework.org/schema/context/spring-context.xsd">

    <ctx:property-placeholder location="classpath:private-tests/test.properties"/>

    <bean id="ariesTransactionManager" class="org.apache.aries.transaction.internal.AriesTransactionManagerImpl">
        <constructor-arg index="0" value="3600" />
    </bean>

</beans>








